     1 00000000                                 ;haribote-ipl
     2 00000000                                 ;TAB=4
     3 00000000                                  
     4  = 0000000A                               CYLS   EQU     10              ;定义变量CYLS（柱面）=10，用来读盘时确定读到哪个柱面
     5 00000000                                  
     6                                                  ORG     0x7c00          ;意义在于汇编器根据这个计算程序块名的地址，这个地址也是启动区程序读取到内存的默认地址
     7 00007C00                                       
     8 00007C00                                       
     9 00007C00                                       
    10 00007C00 EB 4E                           		JMP		entry
    11 00007C02 90                              		DB		0x90
    12 00007C03 48 41 52 49 42 4F 54 45         		DB		"HARIBOTE"		; 启动区的名称可以是任意的字符串（8bytes）
    13 00007C0B 0200                            		DW		512				; 每个扇区（sector）的大小（512bytes）
    14 00007C0D 01                              		DB		1				; 簇（cluster）的大小（1个扇区）
    15 00007C0E 0001                            		DW		1				; FAT的起始位置（一般从第一个sector开始）
    16 00007C10 02                              		DB		2				; FAT的个数（个数为2）
    17 00007C11 00E0                            		DW		224				; 根目录的大小（224项）
    18 00007C13 0B40                            		DW		2880			; 该盘的大小（一般为2880sectors）
    19 00007C15 F0                              		DB		0xf0			; 磁盘的种类（固定）
    20 00007C16 0009                            		DW		9				; FAT的长度（9个sectors）
    21 00007C18 0012                            		DW		18				; 1个磁道（track）有几个扇区
    22 00007C1A 0002                            		DW		2				; 磁头数
    23 00007C1C 00000000                        		DD		0				; 不使用分区，必须是0
    24 00007C20 00000B40                        		DD		2880			; 重写一次磁盘大小
    25 00007C24 00 00 29                        		DB		0,0,0x29		; 意义不明，固定
    26 00007C27 FFFFFFFF                        		DD		0xffffffff		; （可能是）卷标号码
    27 00007C2B 48 41 52 49 42 4F 54 45 4F 53   		DB		"HARIBOTEOS "	; 磁盘的名称（11字节）
       00007C35 20 
    28 00007C36 46 41 54 31 32 20 20 20         		DB		"FAT12   "		; 磁盘格式名称（8字节）
    29 00007C3E 00 00 00 00 00 00 00 00 00 00   		RESB	18	            ; 空出18字节
       00007C48 00 00 00 00 00 00 00 00 
    30 00007C50                                         
    31 00007C50                                 ;程序主体
    32 00007C50                                     
    33 00007C50                                 entry:                          ;entry表达接下来的程序块首地址，在ORG确定后汇编器会算出具体地址值
    34 00007C50 B8 0000                                 MOV     AX,0            ;初始化AX累加寄存器为0
    35 00007C53 8E D0                                   MOV     SS,AX           ;初始化SS栈段寄存器为0
    36 00007C55 BC 7C00                                 MOV     SP,0x7c00       ;初始化SP栈指针寄存器为0x7c00,即程序开始地址（bios会把启动区的512字节读到这里）
    37 00007C58 8E D8                                   MOV     DS,AX           ;初始化DS数据段寄存器为0
    38 00007C5A                                 
    39 00007C5A                                 ;从软盘读取数据到内存
    40 00007C5A                                      
    41 00007C5A B8 0820                                 MOV     AX,0x0820
    42 00007C5D 8E C0                                   MOV     ES,AX           ;bios会从内存ES:BX处放置读取数据
    43 00007C5F B5 00                                   MOV     CH,0            ;柱面0
    44 00007C61 B6 00                                   MOV     DH,0            ;磁头0
    45 00007C63 B1 02                                   MOV     CL,2            ;扇区数2，扇区数1用来放启动区程序，先前已被读取值0x7c00（系统）
    46 00007C65                                 readloop:
    47 00007C65 BE 0000                                 MOV     SI,0            ;记录失败次数的寄存器
    48 00007C68                                 retry:         
    49 00007C68 B4 02                                   MOV     AH,0x02         ;表示读盘
    50 00007C6A B0 01                                   MOV     AL,1            ;处理对象的扇区数
    51 00007C6C BB 0000                                 MOV     BX,0            ;结合前面的ES，ES:BX表示将数据读取到内存的内存地址
    52 00007C6F B2 00                                   MOV     DL,0x00         ;驱动器号，为0
    53 00007C71 CD 13                                   INT     0x13            ;终断，调用13号函数
    54 00007C73 73 10                                   JNC     next            ;没出错转到readloop
    55 00007C75 83 C6 01                                ADD     SI,1
    56 00007C78 83 FE 05                                CMP     SI,5            ;与5比较
    57 00007C7B 73 32                                   JAE     error           ;SI>=5时，转到error
    58 00007C7D B4 00                                   MOV     AH,0x00
    59 00007C7F B2 00                                   MOV     DL,0x00
    60 00007C81 CD 13                                   INT     0x13            ;重置驱动器     
    61 00007C83 EB E3                                   JMP     retry           ;跳转，重新读盘
    62 00007C85                                 next:
    63 00007C85 8C C0                                   MOV     AX,ES
    64 00007C87 05 0020                                 ADD     AX,0x0020
    65 00007C8A 8E C0                                   MOV     ES,AX
    66 00007C8C 80 C1 01                                ADD     CL,1
    67 00007C8F 80 F9 12                                CMP     CL,18
    68 00007C92 76 D1                                   JBE     readloop        
    69 00007C94 B1 01                                   MOV     CL,1
    70 00007C96 80 C6 01                                ADD     DH,1
    71 00007C99 80 FE 02                                CMP     DH,2
    72 00007C9C 72 C7                                   JB      readloop
    73 00007C9E B6 00                                   MOV     DH,0
    74 00007CA0 80 C5 01                                ADD     CH,1
    75 00007CA3 80 FD 0A                                CMP     CH,CYLS
    76 00007CA6 72 BD                                   JB      readloop
    77 00007CA8                                 
    78 00007CA8 88 2E 0FF0                      		MOV		[0x0ff0],CH		; 把CYLS的值存到内存0xff0中
    79 00007CAC E9 4551                         		JMP		0xc200          ;跳转到内存地址0xc200，开始执行操作系统命令
    80 00007CAF                                         
    81 00007CAF                                 error:
    82 00007CAF BE 7CC4                                 MOV     SI,msg
    83 00007CB2                                         
    84 00007CB2                                 putloop:
    85 00007CB2 8A 04                                   MOV     AL,[SI]         ;取内存中地址SI的值给AL
    86 00007CB4 83 C6 01                                ADD     SI,1            ;跳到下一个地址
    87 00007CB7 3C 00                                   CMP     AL,0
    88 00007CB9 74 17                                   JE      fin
    89 00007CBB B4 0E                                   MOV     AH,0x0e      
    90 00007CBD BB 000F                                 MOV     BX,15
    91 00007CC0 CD 10                                   INT     0x10
    92 00007CC2 EB EE                                   JMP     putloop
    93 00007CC4                                 msg:
    94 00007CC4 0A 0A                                   DB      0x0a,0x0a
    95 00007CC6 6C 6F 61 64 20 65 72 72 6F 72           DB      "load error"
    96 00007CD0 0A                                      DB      0x0a
    97 00007CD1 00                                      DB      0                
    98 00007CD2                                  
    99 00007CD2                                 fin:
   100 00007CD2 F4                                      HLT                     ;让cpu停止;等待指令
   101 00007CD3 EB FD                                   JMP     fin             ;无限循环
   102 00007CD5                                         
   103 00007CD5 00 00 00 00 00 00 00 00 00 00           RESB    0x7dfe-$
       00007CDF 00 00 00 00 00 00 00 00 00 00 
       00007CE9 00 00 00 00 00 00 00 00 00 00 
       00007CF3 00 00 00 00 00 00 00 00 00 00 
       00007CFD 00 00 00 00 00 00 00 00 00 00 
       00007D07 00 00 00 00 00 00 00 00 00 00 
       00007D11 00 00 00 00 00 00 00 00 00 00 
       00007D1B 00 00 00 00 00 00 00 00 00 00 
       00007D25 00 00 00 00 00 00 00 00 00 00 
       00007D2F 00 00 00 00 00 00 00 00 00 00 
       00007D39 00 00 00 00 00 00 00 00 00 00 
       00007D43 00 00 00 00 00 00 00 00 00 00 
       00007D4D 00 00 00 00 00 00 00 00 00 00 
       00007D57 00 00 00 00 00 00 00 00 00 00 
       00007D61 00 00 00 00 00 00 00 00 00 00 
       00007D6B 00 00 00 00 00 00 00 00 00 00 
       00007D75 00 00 00 00 00 00 00 00 00 00 
       00007D7F 00 00 00 00 00 00 00 00 00 00 
       00007D89 00 00 00 00 00 00 00 00 00 00 
       00007D93 00 00 00 00 00 00 00 00 00 00 
       00007D9D 00 00 00 00 00 00 00 00 00 00 
       00007DA7 00 00 00 00 00 00 00 00 00 00 
       00007DB1 00 00 00 00 00 00 00 00 00 00 
       00007DBB 00 00 00 00 00 00 00 00 00 00 
       00007DC5 00 00 00 00 00 00 00 00 00 00 
       00007DCF 00 00 00 00 00 00 00 00 00 00 
       00007DD9 00 00 00 00 00 00 00 00 00 00 
       00007DE3 00 00 00 00 00 00 00 00 00 00 
       00007DED 00 00 00 00 00 00 00 00 00 00 
       00007DF7 00 00 00 00 00 00 00 
   104 00007DFE                                         
   105 00007DFE 55 AA                                   DB      0x55,0xaa
   106 00007E00                                         
   107 00007E00                                         
   108 00007E00                                         
   109 00007E00                                         
   110 00007E00                                         
   111 00007E00                                         
   112 00007E00                                         
   113 00007E00                                         
   114 00007E00                                         
   115 00007E00                                         
   116 00007E00                                         
   117 00007E00                                         
   118 00007E00                                         
   119 00007E00                                         
   120 00007E00                                         
   121 00007E00                                         
   122 00007E00                                         
   123 00007E00                                         
   124 00007E00                                         
   125 00007E00                                         