     1 00000000                                 ; naskfunc
     2 00000000                                 ; TAB=4
     3 00000000                                 
     4 00000000                                 [FORMAT "WCOFF"]				; 
     5 00000000                                 [INSTRSET "i486p"]	
     6 00000000                                 [BITS 32]						; 
     7 00000000                                 [FILE "naskfunc.nas"]	
     8 00000000                                 
     9 00000000                                 ; êßçÏñ⁄ìIï∂åèìIêMëß		
    10 00000000                                 
    11 00000000                                 		GLOBAL	_io_hlt,_io_cli,_io_sti,_io_stihlt
    12 00000000                                 		GLOBAL  _io_in8,_io_in16,_io_in32
    13 00000000                                 		GLOBAL	_io_out8,_io_out16,_io_out32
    14 00000000                                 		GLOBAL	_io_load_eflags,_io_store_eflags
    15 00000000                                 
    16 00000000                                 
    17                                          [SECTION .text]		
    18 00000000                                 
    19 00000000                                 _io_hlt:	; void io_hlt(void);
    20 00000000 F4                              		HLT
    21 00000001 C3                              		RET
    22 00000002                                 
    23 00000002                                 _io_cli:
    24 00000002 FA                              		CLI
    25 00000003 C3                              		RET
    26 00000004                                 	
    27 00000004                                 _io_sti:
    28 00000004 FB                              		STI
    29 00000005 C3                              		RET
    30 00000006                                 
    31 00000006                                 _io_stihlt:
    32 00000006 FB                              		STI
    33 00000007 F4                              		HLT
    34 00000008 C3                              		RET
    35 00000009                                 		
    36 00000009                                 _io_in8:
    37 00000009 8B 54 24 04                     		MOV		EDX,[ESP+4]
    38 0000000D B8 00000000                     		MOV		EAX,0
    39 00000012 EC                              		IN		AL,DX
    40 00000013 C3                              		RET
    41 00000014                                 
    42 00000014                                 _io_in16:
    43 00000014 8B 54 24 04                     		MOV 	EDX,[ESP+4]
    44 00000018 B8 00000000                     		MOV		EAX,0
    45 0000001D 66 ED                           		IN 		AX,DX
    46 0000001F C3                              		RET
    47 00000020                                 		
    48 00000020                                 _io_in32:
    49 00000020 8B 54 24 04                     		MOV		EDX,[ESP+4]
    50 00000024 ED                              		IN		EAX,DX
    51 00000025 C3                              		RET
    52 00000026                                 		
    53 00000026                                 _io_out8:
    54 00000026 8B 54 24 04                     		MOV  	EDX,[ESP+4]
    55 0000002A 8A 44 24 08                     		MOV 	AL,[ESP+8]
    56 0000002E EE                              		OUT		DX,AL
    57 0000002F C3                              		RET
    58 00000030                                 
    59 00000030                                 
    60 00000030                                 _io_out16:
    61 00000030 8B 54 24 04                     		MOV  	EDX,[ESP+4]
    62 00000034 8B 44 24 08                     		MOV		EAX,[ESP+8]
    63 00000038 66 EF                           		OUT		DX,AX
    64 0000003A C3                              		RET
    65 0000003B                                 		
    66 0000003B                                 _io_out32:
    67 0000003B 8B 54 24 04                     		MOV 	EDX,[ESP+4]
    68 0000003F 8B 44 24 08                     		MOV		EAX,[ESP+8]
    69 00000043 EF                              		OUT		DX,EAX
    70 00000044 C3                              		RET
    71 00000045                                 
    72 00000045                                 _io_load_eflags:
    73 00000045 9C                              		PUSHFD
    74 00000046 58                              		POP		EAX
    75 00000047 C3                              		RET
    76 00000048                                 		
    77 00000048                                 _io_store_eflags:
    78 00000048 8B 44 24 04                     		MOV 	EAX,[ESP+4]
    79 0000004C 50                              		PUSH 	EAX
    80 0000004D 9D                              		POPFD
    81 0000004E C3                              		RET
    82 0000004F                                 
    83 0000004F                                 
    84 0000004F                                 
    85 0000004F                                 
    86 0000004F                                 
    87 0000004F                                 
    88 0000004F                                 
    89 0000004F                                 
    90 0000004F                                 
    91 0000004F                                 
    92 0000004F                                 
    93 0000004F                                 
